# JRE version: OpenJDK Runtime Environment Microsoft-8035246 (17.0.8+7) (build 17.0.8+7-LTS)
# Java VM: OpenJDK 64-Bit Server VM Microsoft-8035246 (17.0.8+7-LTS, mixed mode, sharing, tiered, compressed oops, compressed class ptrs, g1 gc, windows-amd64)
GC Precious Log:
 CPUs: 8 total, 8 available
 Memory: 15931M
 Large Page Support: Disabled
 NUMA Support: Disabled
 Compressed Oops: Enabled (32-bit)
 Heap Region Size: 1M
 Heap Min Capacity: 8M
 Heap Initial Capacity: 250M
 Heap Max Capacity: 2G
 Pre-touch: Disabled
 Parallel Workers: 8
 Concurrent Workers: 2
 Concurrent Refinement Workers: 8
 Periodic GC: Disabled
Heap:
 garbage-first heap   total 408576K, used 347212K [0x0000000080000000, 0x0000000100000000)
  region size 1024K, 17 young (17408K), 4 survivors (4096K)
 Metaspace       used 114134K, committed 116160K, reserved 557056K
  class space    used 15930K, committed 16832K, reserved 425984K
GC Heap History (20 events):
Event: 71.918 GC heap before
{Heap before GC invocations=72 (full 0):
 garbage-first heap   total 408576K, used 348132K [0x0000000080000000, 0x0000000100000000)
  region size 1024K, 50 young (51200K), 6 survivors (6144K)
 Metaspace       used 112557K, committed 114560K, reserved 557056K
  class space    used 15716K, committed 16640K, reserved 425984K
}
Event: 71.926 GC heap after
{Heap after GC invocations=73 (full 0):
 garbage-first heap   total 408576K, used 309215K [0x0000000080000000, 0x0000000100000000)
  region size 1024K, 6 young (6144K), 6 survivors (6144K)
 Metaspace       used 112557K, committed 114560K, reserved 557056K
  class space    used 15716K, committed 16640K, reserved 425984K
}
Event: 72.153 GC heap before
{Heap before GC invocations=73 (full 0):
 garbage-first heap   total 408576K, used 350175K [0x0000000080000000, 0x0000000100000000)
  region size 1024K, 46 young (47104K), 6 survivors (6144K)
 Metaspace       used 112731K, committed 114752K, reserved 557056K
  class space    used 15736K, committed 16640K, reserved 425984K
}
Event: 72.162 GC heap after
{Heap after GC invocations=74 (full 0):
 garbage-first heap   total 408576K, used 314658K [0x0000000080000000, 0x0000000100000000)
  region size 1024K, 6 young (6144K), 6 survivors (6144K)
 Metaspace       used 112731K, committed 114752K, reserved 557056K
  class space    used 15736K, committed 16640K, reserved 425984K
}
Event: 72.670 GC heap before
{Heap before GC invocations=74 (full 0):
 garbage-first heap   total 408576K, used 350498K [0x0000000080000000, 0x0000000100000000)
  region size 1024K, 42 young (43008K), 6 survivors (6144K)
 Metaspace       used 113481K, committed 115520K, reserved 557056K
  class space    used 15867K, committed 16768K, reserved 425984K
}
Event: 72.680 GC heap after
{Heap after GC invocations=75 (full 0):
 garbage-first heap   total 408576K, used 319255K [0x0000000080000000, 0x0000000100000000)
  region size 1024K, 5 young (5120K), 5 survivors (5120K)
 Metaspace       used 113481K, committed 115520K, reserved 557056K
  class space    used 15867K, committed 16768K, reserved 425984K
}
Event: 73.083 GC heap before
{Heap before GC invocations=75 (full 0):
 garbage-first heap   total 408576K, used 352023K [0x0000000080000000, 0x0000000100000000)
  region size 1024K, 38 young (38912K), 5 survivors (5120K)
 Metaspace       used 113695K, committed 115648K, reserved 557056K
  class space    used 15874K, committed 16768K, reserved 425984K
}
Event: 73.089 GC heap after
{Heap after GC invocations=76 (full 0):
 garbage-first heap   total 408576K, used 321534K [0x0000000080000000, 0x0000000100000000)
  region size 1024K, 3 young (3072K), 3 survivors (3072K)
 Metaspace       used 113695K, committed 115648K, reserved 557056K
  class space    used 15874K, committed 16768K, reserved 425984K
}
Event: 73.431 GC heap before
{Heap before GC invocations=76 (full 0):
 garbage-first heap   total 408576K, used 355326K [0x0000000080000000, 0x0000000100000000)
  region size 1024K, 36 young (36864K), 3 survivors (3072K)
 Metaspace       used 113768K, committed 115776K, reserved 557056K
  class space    used 15874K, committed 16768K, reserved 425984K
}
Event: 73.435 GC heap after
{Heap after GC invocations=77 (full 0):
 garbage-first heap   total 408576K, used 322885K [0x0000000080000000, 0x0000000100000000)
  region size 1024K, 2 young (2048K), 2 survivors (2048K)
 Metaspace       used 113768K, committed 115776K, reserved 557056K
  class space    used 15874K, committed 16768K, reserved 425984K
}
Event: 73.781 GC heap before
{Heap before GC invocations=77 (full 0):
 garbage-first heap   total 408576K, used 356677K [0x0000000080000000, 0x0000000100000000)
  region size 1024K, 35 young (35840K), 2 survivors (2048K)
 Metaspace       used 114052K, committed 116096K, reserved 557056K
  class space    used 15929K, committed 16832K, reserved 425984K
}
Event: 73.787 GC heap after
{Heap after GC invocations=78 (full 0):
 garbage-first heap   total 408576K, used 328182K [0x0000000080000000, 0x0000000100000000)
  region size 1024K, 5 young (5120K), 5 survivors (5120K)
 Metaspace       used 114052K, committed 116096K, reserved 557056K
  class space    used 15929K, committed 16832K, reserved 425984K
}
Event: 74.003 GC heap before
{Heap before GC invocations=78 (full 0):
 garbage-first heap   total 408576K, used 354806K [0x0000000080000000, 0x0000000100000000)
  region size 1024K, 32 young (32768K), 5 survivors (5120K)
 Metaspace       used 114115K, committed 116160K, reserved 557056K
  class space    used 15930K, committed 16832K, reserved 425984K
}
Event: 74.009 GC heap after
{Heap after GC invocations=79 (full 0):
 garbage-first heap   total 408576K, used 331791K [0x0000000080000000, 0x0000000100000000)
  region size 1024K, 4 young (4096K), 4 survivors (4096K)
 Metaspace       used 114115K, committed 116160K, reserved 557056K
  class space    used 15930K, committed 16832K, reserved 425984K
}
Event: 74.097 GC heap before
{Heap before GC invocations=79 (full 0):
 garbage-first heap   total 408576K, used 356367K [0x0000000080000000, 0x0000000100000000)
  region size 1024K, 28 young (28672K), 4 survivors (4096K)
 Metaspace       used 114127K, committed 116160K, reserved 557056K
  class space    used 15930K, committed 16832K, reserved 425984K
}
Event: 74.100 GC heap after
{Heap after GC invocations=80 (full 0):
 garbage-first heap   total 408576K, used 333245K [0x0000000080000000, 0x0000000100000000)
  region size 1024K, 4 young (4096K), 4 survivors (4096K)
 Metaspace       used 114127K, committed 116160K, reserved 557056K
  class space    used 15930K, committed 16832K, reserved 425984K
}
Event: 74.239 GC heap before
{Heap before GC invocations=80 (full 0):
 garbage-first heap   total 408576K, used 356797K [0x0000000080000000, 0x0000000100000000)
  region size 1024K, 27 young (27648K), 4 survivors (4096K)
 Metaspace       used 114134K, committed 116160K, reserved 557056K
  class space    used 15930K, committed 16832K, reserved 425984K
}
Event: 74.242 GC heap after
{Heap after GC invocations=81 (full 0):
 garbage-first heap   total 408576K, used 334108K [0x0000000080000000, 0x0000000100000000)
  region size 1024K, 4 young (4096K), 4 survivors (4096K)
 Metaspace       used 114134K, committed 116160K, reserved 557056K
  class space    used 15930K, committed 16832K, reserved 425984K
}
Event: 74.458 GC heap before
{Heap before GC invocations=81 (full 0):
 garbage-first heap   total 408576K, used 356636K [0x0000000080000000, 0x0000000100000000)
  region size 1024K, 26 young (26624K), 4 survivors (4096K)
 Metaspace       used 114134K, committed 116160K, reserved 557056K
  class space    used 15930K, committed 16832K, reserved 425984K
}
Event: 74.461 GC heap after
{Heap after GC invocations=82 (full 0):
 garbage-first heap   total 408576K, used 334924K [0x0000000080000000, 0x0000000100000000)
  region size 1024K, 4 young (4096K), 4 survivors (4096K)
 Metaspace       used 114134K, committed 116160K, reserved 557056K
  class space    used 15930K, committed 16832K, reserved 425984K
}

